<?xml version="1.0" encoding="UTF-8"?>
<coverage generated="1776837116257" clover="3.2.0">
  <project timestamp="1776837116257" name="All files">
    <metrics statements="79" coveredstatements="27" conditionals="25" coveredconditionals="6" methods="17" coveredmethods="6" elements="121" coveredelements="39" complexity="0" loc="79" ncloc="79" packages="3" files="5" classes="5"/>
    <package name="src">
      <metrics statements="51" coveredstatements="5" conditionals="8" coveredconditionals="0" methods="10" coveredmethods="0"/>
      <file name="AuthContext.tsx" path="C:\Users\mrend\OneDrive\Рабочий стол\fullstack_project\frontend-ts\src\AuthContext.tsx">
        <metrics statements="28" coveredstatements="2" conditionals="2" coveredconditionals="0" methods="7" coveredmethods="0"/>
        <line num="12" count="1" type="stmt"/>
        <line num="14" count="1" type="stmt"/>
        <line num="15" count="0" type="stmt"/>
        <line num="16" count="0" type="stmt"/>
        <line num="17" count="0" type="stmt"/>
        <line num="18" count="0" type="stmt"/>
        <line num="20" count="0" type="stmt"/>
        <line num="21" count="0" type="stmt"/>
        <line num="22" count="0" type="cond" truecount="0" falsecount="2"/>
        <line num="23" count="0" type="stmt"/>
        <line num="24" count="0" type="stmt"/>
        <line num="25" count="0" type="stmt"/>
        <line num="26" count="0" type="stmt"/>
        <line num="28" count="0" type="stmt"/>
        <line num="29" count="0" type="stmt"/>
        <line num="30" count="0" type="stmt"/>
        <line num="31" count="0" type="stmt"/>
        <line num="33" count="0" type="stmt"/>
        <line num="36" count="0" type="stmt"/>
        <line num="40" count="0" type="stmt"/>
        <line num="41" count="0" type="stmt"/>
        <line num="42" count="0" type="stmt"/>
        <line num="43" count="0" type="stmt"/>
        <line num="44" count="0" type="stmt"/>
        <line num="45" count="0" type="stmt"/>
        <line num="46" count="0" type="stmt"/>
        <line num="49" count="0" type="stmt"/>
        <line num="56" count="0" type="stmt"/>
      </file>
      <file name="api.ts" path="C:\Users\mrend\OneDrive\Рабочий стол\fullstack_project\frontend-ts\src\api.ts">
        <metrics statements="23" coveredstatements="3" conditionals="6" coveredconditionals="0" methods="3" coveredmethods="0"/>
        <line num="3" count="1" type="stmt"/>
        <line num="7" count="1" type="stmt"/>
        <line num="8" count="0" type="stmt"/>
        <line num="9" count="0" type="cond" truecount="0" falsecount="2"/>
        <line num="10" count="0" type="stmt"/>
        <line num="12" count="0" type="stmt"/>
        <line num="15" count="1" type="stmt"/>
        <line num="16" count="0" type="stmt"/>
        <line num="18" count="0" type="stmt"/>
        <line num="20" count="0" type="cond" truecount="0" falsecount="4"/>
        <line num="21" count="0" type="stmt"/>
        <line num="23" count="0" type="stmt"/>
        <line num="24" count="0" type="stmt"/>
        <line num="25" count="0" type="stmt"/>
        <line num="29" count="0" type="stmt"/>
        <line num="30" count="0" type="stmt"/>
        <line num="32" count="0" type="stmt"/>
        <line num="33" count="0" type="stmt"/>
        <line num="36" count="0" type="stmt"/>
        <line num="37" count="0" type="stmt"/>
        <line num="38" count="0" type="stmt"/>
        <line num="39" count="0" type="stmt"/>
        <line num="42" count="0" type="stmt"/>
      </file>
    </package>
    <package name="src.components">
      <metrics statements="14" coveredstatements="9" conditionals="13" coveredconditionals="5" methods="3" coveredmethods="2"/>
      <file name="ProtectedRoute.tsx" path="C:\Users\mrend\OneDrive\Рабочий стол\fullstack_project\frontend-ts\src\components\ProtectedRoute.tsx">
        <metrics statements="10" coveredstatements="5" conditionals="8" coveredconditionals="2" methods="2" coveredmethods="1"/>
        <line num="11" count="1" type="stmt"/>
        <line num="12" count="1" type="stmt"/>
        <line num="14" count="1" type="cond" truecount="1" falsecount="1"/>
        <line num="15" count="0" type="stmt"/>
        <line num="22" count="1" type="cond" truecount="1" falsecount="1"/>
        <line num="23" count="1" type="stmt"/>
        <line num="26" count="0" type="cond" truecount="0" falsecount="4"/>
        <line num="27" count="0" type="stmt"/>
        <line num="38" count="0" type="stmt"/>
        <line num="46" count="0" type="stmt"/>
      </file>
      <file name="SEO.tsx" path="C:\Users\mrend\OneDrive\Рабочий стол\fullstack_project\frontend-ts\src\components\SEO.tsx">
        <metrics statements="4" coveredstatements="4" conditionals="5" coveredconditionals="3" methods="1" coveredmethods="1"/>
        <line num="11" count="4" type="stmt"/>
        <line num="12" count="4" type="stmt"/>
        <line num="13" count="4" type="stmt"/>
        <line num="15" count="4" type="stmt"/>
      </file>
    </package>
    <package name="src.pages">
      <metrics statements="14" coveredstatements="13" conditionals="4" coveredconditionals="1" methods="4" coveredmethods="4"/>
      <file name="Login.tsx" path="C:\Users\mrend\OneDrive\Рабочий стол\fullstack_project\frontend-ts\src\pages\Login.tsx">
        <metrics statements="14" coveredstatements="13" conditionals="4" coveredconditionals="1" methods="4" coveredmethods="4"/>
        <line num="8" count="3" type="stmt"/>
        <line num="9" count="3" type="stmt"/>
        <line num="10" count="3" type="stmt"/>
        <line num="11" count="3" type="stmt"/>
        <line num="13" count="3" type="stmt"/>
        <line num="14" count="1" type="stmt"/>
        <line num="15" count="1" type="stmt"/>
        <line num="16" count="1" type="stmt"/>
        <line num="17" count="1" type="stmt"/>
        <line num="18" count="1" type="stmt"/>
        <line num="20" count="0" type="cond" truecount="0" falsecount="2"/>
        <line num="24" count="3" type="stmt"/>
        <line num="29" count="1" type="stmt"/>
        <line num="30" count="1" type="stmt"/>
      </file>
    </package>
  </project>
</coverage>
