{"C:\\Users\\mrend\\OneDrive\\Рабочий стол\\fullstack_project\\frontend-ts\\src\\AuthContext.tsx": {"path":"C:\\Users\\mrend\\OneDrive\\Рабочий стол\\fullstack_project\\frontend-ts\\src\\AuthContext.tsx","statementMap":{"0":{"start":{"line":12,"column":6},"end":{"line":12,"column":null}},"1":{"start":{"line":14,"column":69},"end":{"line":54,"column":null}},"2":{"start":{"line":15,"column":44},"end":{"line":15,"column":null}},"3":{"start":{"line":16,"column":32},"end":{"line":16,"column":null}},"4":{"start":{"line":17,"column":30},"end":{"line":17,"column":null}},"5":{"start":{"line":18,"column":22},"end":{"line":18,"column":null}},"6":{"start":{"line":20,"column":2},"end":{"line":38,"column":null}},"7":{"start":{"line":21,"column":18},"end":{"line":21,"column":null}},"8":{"start":{"line":22,"column":4},"end":{"line":37,"column":null}},"9":{"start":{"line":23,"column":6},"end":{"line":34,"column":null}},"10":{"start":{"line":24,"column":8},"end":{"line":24,"column":null}},"11":{"start":{"line":25,"column":8},"end":{"line":25,"column":null}},"12":{"start":{"line":26,"column":8},"end":{"line":26,"column":null}},"13":{"start":{"line":28,"column":8},"end":{"line":28,"column":null}},"14":{"start":{"line":29,"column":8},"end":{"line":29,"column":null}},"15":{"start":{"line":30,"column":8},"end":{"line":30,"column":null}},"16":{"start":{"line":31,"column":8},"end":{"line":31,"column":null}},"17":{"start":{"line":33,"column":8},"end":{"line":33,"column":null}},"18":{"start":{"line":36,"column":8},"end":{"line":36,"column":null}},"19":{"start":{"line":40,"column":17},"end":{"line":47,"column":null}},"20":{"start":{"line":41,"column":4},"end":{"line":41,"column":null}},"21":{"start":{"line":42,"column":4},"end":{"line":42,"column":null}},"22":{"start":{"line":43,"column":4},"end":{"line":43,"column":null}},"23":{"start":{"line":44,"column":4},"end":{"line":44,"column":null}},"24":{"start":{"line":45,"column":4},"end":{"line":45,"column":null}},"25":{"start":{"line":46,"column":4},"end":{"line":46,"column":null}},"26":{"start":{"line":49,"column":2},"end":{"line":52,"column":null}},"27":{"start":{"line":56,"column":23},"end":{"line":56,"column":null}}},"fnMap":{"0":{"name":"(anonymous_0)","decl":{"start":{"line":14,"column":69},"end":{"line":14,"column":70}},"loc":{"start":{"line":14,"column":87},"end":{"line":54,"column":null}},"line":14},"1":{"name":"(anonymous_1)","decl":{"start":{"line":20,"column":12},"end":{"line":20,"column":18}},"loc":{"start":{"line":20,"column":18},"end":{"line":38,"column":5}},"line":20},"2":{"name":"(anonymous_2)","decl":{"start":{"line":23,"column":31},"end":{"line":23,"column":43}},"loc":{"start":{"line":23,"column":43},"end":{"line":27,"column":7}},"line":23},"3":{"name":"(anonymous_3)","decl":{"start":{"line":27,"column":15},"end":{"line":27,"column":21}},"loc":{"start":{"line":27,"column":21},"end":{"line":32,"column":7}},"line":27},"4":{"name":"(anonymous_4)","decl":{"start":{"line":32,"column":17},"end":{"line":32,"column":23}},"loc":{"start":{"line":32,"column":23},"end":{"line":34,"column":7}},"line":32},"5":{"name":"(anonymous_5)","decl":{"start":{"line":40,"column":17},"end":{"line":40,"column":23}},"loc":{"start":{"line":40,"column":23},"end":{"line":47,"column":null}},"line":40},"6":{"name":"(anonymous_6)","decl":{"start":{"line":56,"column":23},"end":{"line":56,"column":29}},"loc":{"start":{"line":56,"column":23},"end":{"line":56,"column":null}},"line":56}},"branchMap":{"0":{"loc":{"start":{"line":22,"column":4},"end":{"line":37,"column":null}},"type":"if","locations":[{"start":{"line":22,"column":4},"end":{"line":37,"column":null}},{"start":{"line":35,"column":11},"end":{"line":37,"column":null}}],"line":22}},"s":{"0":1,"1":1,"2":0,"3":0,"4":0,"5":0,"6":0,"7":0,"8":0,"9":0,"10":0,"11":0,"12":0,"13":0,"14":0,"15":0,"16":0,"17":0,"18":0,"19":0,"20":0,"21":0,"22":0,"23":0,"24":0,"25":0,"26":0,"27":0},"f":{"0":0,"1":0,"2":0,"3":0,"4":0,"5":0,"6":0},"b":{"0":[0,0]},"meta":{"lastBranch":1,"lastFunction":7,"lastStatement":28,"seen":{"s:12:6:12:Infinity":0,"s:14:69:54:Infinity":1,"f:14:69:14:70":0,"s:15:44:15:Infinity":2,"s:16:32:16:Infinity":3,"s:17:30:17:Infinity":4,"s:18:22:18:Infinity":5,"s:20:2:38:Infinity":6,"f:20:12:20:18":1,"s:21:18:21:Infinity":7,"b:22:4:37:Infinity:35:11:37:Infinity":0,"s:22:4:37:Infinity":8,"s:23:6:34:Infinity":9,"f:23:31:23:43":2,"s:24:8:24:Infinity":10,"s:25:8:25:Infinity":11,"s:26:8:26:Infinity":12,"f:27:15:27:21":3,"s:28:8:28:Infinity":13,"s:29:8:29:Infinity":14,"s:30:8:30:Infinity":15,"s:31:8:31:Infinity":16,"f:32:17:32:23":4,"s:33:8:33:Infinity":17,"s:36:8:36:Infinity":18,"s:40:17:47:Infinity":19,"f:40:17:40:23":5,"s:41:4:41:Infinity":20,"s:42:4:42:Infinity":21,"s:43:4:43:Infinity":22,"s:44:4:44:Infinity":23,"s:45:4:45:Infinity":24,"s:46:4:46:Infinity":25,"s:49:2:52:Infinity":26,"s:56:23:56:Infinity":27,"f:56:23:56:29":6}}}
,"C:\\Users\\mrend\\OneDrive\\Рабочий стол\\fullstack_project\\frontend-ts\\src\\api.ts": {"path":"C:\\Users\\mrend\\OneDrive\\Рабочий стол\\fullstack_project\\frontend-ts\\src\\api.ts","statementMap":{"0":{"start":{"line":3,"column":12},"end":{"line":5,"column":null}},"1":{"start":{"line":7,"column":0},"end":{"line":13,"column":null}},"2":{"start":{"line":8,"column":16},"end":{"line":8,"column":null}},"3":{"start":{"line":9,"column":2},"end":{"line":11,"column":null}},"4":{"start":{"line":10,"column":4},"end":{"line":10,"column":null}},"5":{"start":{"line":12,"column":2},"end":{"line":12,"column":null}},"6":{"start":{"line":15,"column":0},"end":{"line":44,"column":null}},"7":{"start":{"line":16,"column":16},"end":{"line":16,"column":null}},"8":{"start":{"line":18,"column":28},"end":{"line":18,"column":null}},"9":{"start":{"line":20,"column":4},"end":{"line":41,"column":null}},"10":{"start":{"line":21,"column":6},"end":{"line":21,"column":null}},"11":{"start":{"line":23,"column":6},"end":{"line":40,"column":null}},"12":{"start":{"line":24,"column":29},"end":{"line":24,"column":null}},"13":{"start":{"line":25,"column":25},"end":{"line":27,"column":null}},"14":{"start":{"line":29,"column":33},"end":{"line":29,"column":null}},"15":{"start":{"line":30,"column":8},"end":{"line":30,"column":null}},"16":{"start":{"line":32,"column":8},"end":{"line":32,"column":null}},"17":{"start":{"line":33,"column":8},"end":{"line":33,"column":null}},"18":{"start":{"line":36,"column":8},"end":{"line":36,"column":null}},"19":{"start":{"line":37,"column":8},"end":{"line":37,"column":null}},"20":{"start":{"line":38,"column":8},"end":{"line":38,"column":null}},"21":{"start":{"line":39,"column":8},"end":{"line":39,"column":null}},"22":{"start":{"line":42,"column":4},"end":{"line":42,"column":null}}},"fnMap":{"0":{"name":"(anonymous_0)","decl":{"start":{"line":7,"column":29},"end":{"line":7,"column":39}},"loc":{"start":{"line":7,"column":39},"end":{"line":13,"column":1}},"line":7},"1":{"name":"(anonymous_1)","decl":{"start":{"line":16,"column":2},"end":{"line":16,"column":3}},"loc":{"start":{"line":16,"column":16},"end":{"line":16,"column":null}},"line":16},"2":{"name":"(anonymous_2)","decl":{"start":{"line":17,"column":2},"end":{"line":17,"column":9}},"loc":{"start":{"line":17,"column":19},"end":{"line":43,"column":null}},"line":17}},"branchMap":{"0":{"loc":{"start":{"line":9,"column":2},"end":{"line":11,"column":null}},"type":"if","locations":[{"start":{"line":9,"column":2},"end":{"line":11,"column":null}},{"start":{},"end":{}}],"line":9},"1":{"loc":{"start":{"line":20,"column":4},"end":{"line":41,"column":null}},"type":"if","locations":[{"start":{"line":20,"column":4},"end":{"line":41,"column":null}},{"start":{},"end":{}}],"line":20},"2":{"loc":{"start":{"line":20,"column":8},"end":{"line":20,"column":66}},"type":"binary-expr","locations":[{"start":{"line":20,"column":8},"end":{"line":20,"column":41}},{"start":{"line":20,"column":41},"end":{"line":20,"column":66}}],"line":20}},"s":{"0":1,"1":1,"2":0,"3":0,"4":0,"5":0,"6":1,"7":0,"8":0,"9":0,"10":0,"11":0,"12":0,"13":0,"14":0,"15":0,"16":0,"17":0,"18":0,"19":0,"20":0,"21":0,"22":0},"f":{"0":0,"1":0,"2":0},"b":{"0":[0,0],"1":[0,0],"2":[0,0]},"meta":{"lastBranch":3,"lastFunction":3,"lastStatement":23,"seen":{"s:3:12:5:Infinity":0,"s:7:0:13:Infinity":1,"f:7:29:7:39":0,"s:8:16:8:Infinity":2,"b:9:2:11:Infinity:undefined:undefined:undefined:undefined":0,"s:9:2:11:Infinity":3,"s:10:4:10:Infinity":4,"s:12:2:12:Infinity":5,"s:15:0:44:Infinity":6,"f:16:2:16:3":1,"s:16:16:16:Infinity":7,"f:17:2:17:9":2,"s:18:28:18:Infinity":8,"b:20:4:41:Infinity:undefined:undefined:undefined:undefined":1,"s:20:4:41:Infinity":9,"b:20:8:20:41:20:41:20:66":2,"s:21:6:21:Infinity":10,"s:23:6:40:Infinity":11,"s:24:29:24:Infinity":12,"s:25:25:27:Infinity":13,"s:29:33:29:Infinity":14,"s:30:8:30:Infinity":15,"s:32:8:32:Infinity":16,"s:33:8:33:Infinity":17,"s:36:8:36:Infinity":18,"s:37:8:37:Infinity":19,"s:38:8:38:Infinity":20,"s:39:8:39:Infinity":21,"s:42:4:42:Infinity":22}}}
,"C:\\Users\\mrend\\OneDrive\\Рабочий стол\\fullstack_project\\frontend-ts\\src\\components\\ProtectedRoute.tsx": {"path":"C:\\Users\\mrend\\OneDrive\\Рабочий стол\\fullstack_project\\frontend-ts\\src\\components\\ProtectedRoute.tsx","statementMap":{"0":{"start":{"line":11,"column":43},"end":{"line":11,"column":null}},"1":{"start":{"line":12,"column":8},"end":{"line":12,"column":null}},"2":{"start":{"line":14,"column":2},"end":{"line":20,"column":null}},"3":{"start":{"line":15,"column":4},"end":{"line":18,"column":null}},"4":{"start":{"line":22,"column":2},"end":{"line":24,"column":null}},"5":{"start":{"line":23,"column":4},"end":{"line":23,"column":null}},"6":{"start":{"line":26,"column":2},"end":{"line":44,"column":null}},"7":{"start":{"line":27,"column":4},"end":{"line":42,"column":null}},"8":{"start":{"line":38,"column":57},"end":{"line":38,"column":72}},"9":{"start":{"line":46,"column":2},"end":{"line":46,"column":null}}},"fnMap":{"0":{"name":"ProtectedRoute","decl":{"start":{"line":10,"column":24},"end":{"line":10,"column":39}},"loc":{"start":{"line":10,"column":78},"end":{"line":47,"column":null}},"line":10},"1":{"name":"(anonymous_1)","decl":{"start":{"line":38,"column":51},"end":{"line":38,"column":57}},"loc":{"start":{"line":38,"column":57},"end":{"line":38,"column":72}},"line":38}},"branchMap":{"0":{"loc":{"start":{"line":14,"column":2},"end":{"line":20,"column":null}},"type":"if","locations":[{"start":{"line":14,"column":2},"end":{"line":20,"column":null}},{"start":{},"end":{}}],"line":14},"1":{"loc":{"start":{"line":22,"column":2},"end":{"line":24,"column":null}},"type":"if","locations":[{"start":{"line":22,"column":2},"end":{"line":24,"column":null}},{"start":{},"end":{}}],"line":22},"2":{"loc":{"start":{"line":26,"column":2},"end":{"line":44,"column":null}},"type":"if","locations":[{"start":{"line":26,"column":2},"end":{"line":44,"column":null}},{"start":{},"end":{}}],"line":26},"3":{"loc":{"start":{"line":26,"column":6},"end":{"line":26,"column":45}},"type":"binary-expr","locations":[{"start":{"line":26,"column":6},"end":{"line":26,"column":22}},{"start":{"line":26,"column":22},"end":{"line":26,"column":45}}],"line":26}},"s":{"0":1,"1":1,"2":1,"3":0,"4":1,"5":1,"6":0,"7":0,"8":0,"9":0},"f":{"0":1,"1":0},"b":{"0":[0,1],"1":[1,0],"2":[0,0],"3":[0,0]},"meta":{"lastBranch":4,"lastFunction":2,"lastStatement":10,"seen":{"f:10:24:10:39":0,"s:11:43:11:Infinity":0,"s:12:8:12:Infinity":1,"b:14:2:20:Infinity:undefined:undefined:undefined:undefined":0,"s:14:2:20:Infinity":2,"s:15:4:18:Infinity":3,"b:22:2:24:Infinity:undefined:undefined:undefined:undefined":1,"s:22:2:24:Infinity":4,"s:23:4:23:Infinity":5,"b:26:2:44:Infinity:undefined:undefined:undefined:undefined":2,"s:26:2:44:Infinity":6,"b:26:6:26:22:26:22:26:45":3,"s:27:4:42:Infinity":7,"f:38:51:38:57":1,"s:38:57:38:72":8,"s:46:2:46:Infinity":9}}}
,"C:\\Users\\mrend\\OneDrive\\Рабочий стол\\fullstack_project\\frontend-ts\\src\\components\\SEO.tsx": {"path":"C:\\Users\\mrend\\OneDrive\\Рабочий стол\\fullstack_project\\frontend-ts\\src\\components\\SEO.tsx","statementMap":{"0":{"start":{"line":11,"column":20},"end":{"line":11,"column":null}},"1":{"start":{"line":12,"column":20},"end":{"line":12,"column":null}},"2":{"start":{"line":13,"column":20},"end":{"line":13,"column":null}},"3":{"start":{"line":15,"column":2},"end":{"line":31,"column":null}}},"fnMap":{"0":{"name":"SEO","decl":{"start":{"line":10,"column":24},"end":{"line":10,"column":28}},"loc":{"start":{"line":10,"column":88},"end":{"line":33,"column":null}},"line":10}},"branchMap":{"0":{"loc":{"start":{"line":10,"column":50},"end":{"line":10,"column":68}},"type":"default-arg","locations":[{"start":{"line":10,"column":57},"end":{"line":10,"column":68}}],"line":10},"1":{"loc":{"start":{"line":18,"column":40},"end":{"line":18,"column":100}},"type":"binary-expr","locations":[{"start":{"line":18,"column":40},"end":{"line":18,"column":55}},{"start":{"line":18,"column":55},"end":{"line":18,"column":100}}],"line":18},"2":{"loc":{"start":{"line":21,"column":7},"end":{"line":24,"column":null}},"type":"binary-expr","locations":[{"start":{"line":21,"column":7},"end":{"line":21,"column":null}},{"start":{"line":22,"column":8},"end":{"line":24,"column":null}}],"line":21}},"s":{"0":4,"1":4,"2":4,"3":4},"f":{"0":4},"b":{"0":[4],"1":[4,0],"2":[4,0]},"meta":{"lastBranch":3,"lastFunction":1,"lastStatement":4,"seen":{"f:10:24:10:28":0,"b:10:57:10:68":0,"s:11:20:11:Infinity":0,"s:12:20:12:Infinity":1,"s:13:20:13:Infinity":2,"s:15:2:31:Infinity":3,"b:18:40:18:55:18:55:18:100":1,"b:21:7:21:Infinity:22:8:24:Infinity":2}}}
,"C:\\Users\\mrend\\OneDrive\\Рабочий стол\\fullstack_project\\frontend-ts\\src\\pages\\Login.tsx": {"path":"C:\\Users\\mrend\\OneDrive\\Рабочий стол\\fullstack_project\\frontend-ts\\src\\pages\\Login.tsx","statementMap":{"0":{"start":{"line":8,"column":8},"end":{"line":8,"column":null}},"1":{"start":{"line":9,"column":30},"end":{"line":9,"column":null}},"2":{"start":{"line":10,"column":30},"end":{"line":10,"column":null}},"3":{"start":{"line":11,"column":24},"end":{"line":11,"column":null}},"4":{"start":{"line":13,"column":22},"end":{"line":22,"column":null}},"5":{"start":{"line":14,"column":4},"end":{"line":21,"column":null}},"6":{"start":{"line":15,"column":23},"end":{"line":15,"column":null}},"7":{"start":{"line":16,"column":6},"end":{"line":16,"column":null}},"8":{"start":{"line":17,"column":6},"end":{"line":17,"column":null}},"9":{"start":{"line":18,"column":6},"end":{"line":18,"column":null}},"10":{"start":{"line":20,"column":6},"end":{"line":20,"column":null}},"11":{"start":{"line":24,"column":2},"end":{"line":42,"column":null}},"12":{"start":{"line":29,"column":78},"end":{"line":29,"column":107}},"13":{"start":{"line":30,"column":80},"end":{"line":30,"column":109}}},"fnMap":{"0":{"name":"Login","decl":{"start":{"line":7,"column":24},"end":{"line":7,"column":32}},"loc":{"start":{"line":7,"column":32},"end":{"line":44,"column":null}},"line":7},"1":{"name":"(anonymous_1)","decl":{"start":{"line":13,"column":22},"end":{"line":13,"column":34}},"loc":{"start":{"line":13,"column":34},"end":{"line":22,"column":null}},"line":13},"2":{"name":"(anonymous_2)","decl":{"start":{"line":29,"column":71},"end":{"line":29,"column":72}},"loc":{"start":{"line":29,"column":78},"end":{"line":29,"column":107}},"line":29},"3":{"name":"(anonymous_3)","decl":{"start":{"line":30,"column":73},"end":{"line":30,"column":74}},"loc":{"start":{"line":30,"column":80},"end":{"line":30,"column":109}},"line":30}},"branchMap":{"0":{"loc":{"start":{"line":20,"column":15},"end":{"line":20,"column":68}},"type":"binary-expr","locations":[{"start":{"line":20,"column":15},"end":{"line":20,"column":44}},{"start":{"line":20,"column":44},"end":{"line":20,"column":68}}],"line":20},"1":{"loc":{"start":{"line":31,"column":9},"end":{"line":31,"column":null}},"type":"binary-expr","locations":[{"start":{"line":31,"column":9},"end":{"line":31,"column":18}},{"start":{"line":31,"column":18},"end":{"line":31,"column":null}}],"line":31}},"s":{"0":3,"1":3,"2":3,"3":3,"4":3,"5":1,"6":1,"7":1,"8":1,"9":1,"10":0,"11":3,"12":1,"13":1},"f":{"0":3,"1":1,"2":1,"3":1},"b":{"0":[0,0],"1":[3,0]},"meta":{"lastBranch":2,"lastFunction":4,"lastStatement":14,"seen":{"f:7:24:7:32":0,"s:8:8:8:Infinity":0,"s:9:30:9:Infinity":1,"s:10:30:10:Infinity":2,"s:11:24:11:Infinity":3,"s:13:22:22:Infinity":4,"f:13:22:13:34":1,"s:14:4:21:Infinity":5,"s:15:23:15:Infinity":6,"s:16:6:16:Infinity":7,"s:17:6:17:Infinity":8,"s:18:6:18:Infinity":9,"s:20:6:20:Infinity":10,"b:20:15:20:44:20:44:20:68":0,"s:24:2:42:Infinity":11,"f:29:71:29:72":2,"s:29:78:29:107":12,"f:30:73:30:74":3,"s:30:80:30:109":13,"b:31:9:31:18:31:18:31:Infinity":1}}}
}
